This file contains any messages produced by compilers while
running configure, to aid debugging if configure makes a mistake.

It was created by quit configure 2.2, which was
generated by GNU Autoconf 2.71.  Invocation command line was

  $ ./configure

## --------- ##
## Platform. ##
## --------- ##

hostname = Mosseguello
uname -m = x86_64
uname -r = 5.15.12-arch1-1
uname -s = Linux
uname -v = #1 SMP PREEMPT Wed, 29 Dec 2021 12:04:56 +0000

/usr/bin/uname -p = unknown
/bin/uname -X     = unknown

/bin/arch              = unknown
/usr/bin/arch -k       = unknown
/usr/convex/getsysinfo = unknown
/usr/bin/hostinfo      = unknown
/bin/machine           = unknown
/usr/bin/oslevel       = unknown
/bin/universe          = unknown

PATH: /usr/local/bin/
PATH: /usr/bin/
PATH: /bin/
PATH: /usr/local/sbin/
PATH: /home/javi/.dotnet/tools/
PATH: /usr/lib/jvm/default/bin/
PATH: /usr/bin/site_perl/
PATH: /usr/bin/vendor_perl/
PATH: /usr/bin/core_perl/
PATH: /var/lib/snapd/snap/bin/
PATH: /usr/lib/jvm/default/bin/


## ----------- ##
## Core tests. ##
## ----------- ##

configure:2404: looking for aux files: compile missing install-sh
configure:2417:  trying ./
configure:2446:   ./compile found
configure:2446:   ./missing found
configure:2428:   ./install-sh found
configure:2575: checking for a BSD-compatible install
configure:2648: result: /usr/bin/install -c
configure:2659: checking whether build environment is sane
configure:2714: result: yes
configure:2873: checking for a race-free mkdir -p
configure:2917: result: /usr/bin/mkdir -p
configure:2924: checking for gawk
configure:2945: found /usr/bin/gawk
configure:2956: result: gawk
configure:2967: checking whether make sets $(MAKE)
configure:2990: result: yes
configure:3020: checking whether make supports nested variables
configure:3038: result: yes
configure:3187: checking whether make supports the include directive
configure:3202: make -f confmf.GNU && cat confinc.out
this is the am__doit target
configure:3205: $? = 0
configure:3224: result: yes (GNU style)
configure:3300: checking for gcc
configure:3321: found /usr/bin/gcc
configure:3332: result: gcc
configure:3685: checking for C compiler version
configure:3694: gcc --version >&5
gcc (GCC) 11.1.0
Copyright (C) 2021 Free Software Foundation, Inc.
This is free software; see the source for copying conditions.  There is NO
warranty; not even for MERCHANTABILITY or FITNESS FOR A PARTICULAR PURPOSE.

configure:3705: $? = 0
configure:3694: gcc -v >&5
Using built-in specs.
COLLECT_GCC=gcc
COLLECT_LTO_WRAPPER=/usr/lib/gcc/x86_64-pc-linux-gnu/11.1.0/lto-wrapper
Target: x86_64-pc-linux-gnu
Configured with: /build/gcc/src/gcc/configure --prefix=/usr --libdir=/usr/lib --libexecdir=/usr/lib --mandir=/usr/share/man --infodir=/usr/share/info --with-bugurl=https://bugs.archlinux.org/ --enable-languages=c,c++,ada,fortran,go,lto,objc,obj-c++,d --with-isl --with-linker-hash-style=gnu --with-system-zlib --enable-__cxa_atexit --enable-cet=auto --enable-checking=release --enable-clocale=gnu --enable-default-pie --enable-default-ssp --enable-gnu-indirect-function --enable-gnu-unique-object --enable-install-libiberty --enable-linker-build-id --enable-lto --enable-multilib --enable-plugin --enable-shared --enable-threads=posix --disable-libssp --disable-libstdcxx-pch --disable-libunwind-exceptions --disable-werror gdc_include_dir=/usr/include/dlang/gdc
Thread model: posix
Supported LTO compression algorithms: zlib zstd
gcc version 11.1.0 (GCC) 
configure:3705: $? = 0
configure:3694: gcc -V >&5
gcc: error: unrecognized command-line option '-V'
gcc: fatal error: no input files
compilation terminated.
configure:3705: $? = 1
configure:3694: gcc -qversion >&5
gcc: error: unrecognized command-line option '-qversion'; did you mean '--version'?
gcc: fatal error: no input files
compilation terminated.
configure:3705: $? = 1
configure:3694: gcc -version >&5
gcc: error: unrecognized command-line option '-version'
gcc: fatal error: no input files
compilation terminated.
configure:3705: $? = 1
configure:3725: checking whether the C compiler works
configure:3747: gcc    conftest.c  >&5
configure:3751: $? = 0
configure:3801: result: yes
configure:3804: checking for C compiler default output file name
configure:3806: result: a.out
configure:3812: checking for suffix of executables
configure:3819: gcc -o conftest    conftest.c  >&5
configure:3823: $? = 0
configure:3846: result: 
configure:3868: checking whether we are cross compiling
configure:3876: gcc -o conftest    conftest.c  >&5
configure:3880: $? = 0
configure:3887: ./conftest
configure:3891: $? = 0
configure:3906: result: no
configure:3911: checking for suffix of object files
configure:3934: gcc -c   conftest.c >&5
configure:3938: $? = 0
configure:3960: result: o
configure:3964: checking whether the compiler supports GNU C
configure:3984: gcc -c   conftest.c >&5
configure:3984: $? = 0
configure:3994: result: yes
configure:4005: checking whether gcc accepts -g
configure:4026: gcc -c -g  conftest.c >&5
configure:4026: $? = 0
configure:4070: result: yes
configure:4090: checking for gcc option to enable C11 features
configure:4105: gcc  -c -g -O2  conftest.c >&5
configure:4105: $? = 0
configure:4123: result: none needed
configure:4239: checking whether gcc understands -c and -o together
configure:4262: gcc -c conftest.c -o conftest2.o
configure:4265: $? = 0
configure:4262: gcc -c conftest.c -o conftest2.o
configure:4265: $? = 0
configure:4277: result: yes
configure:4296: checking dependency style of gcc
configure:4408: result: gcc3
configure:4428: checking how to run the C preprocessor
configure:4454: gcc -E  conftest.c
configure:4454: $? = 0
configure:4469: gcc -E  conftest.c
conftest.c:11:10: fatal error: ac_nonexistent.h: No such file or directory
   11 | #include <ac_nonexistent.h>
      |          ^~~~~~~~~~~~~~~~~~
compilation terminated.
configure:4469: $? = 1
configure: failed program was:
| /* confdefs.h */
| #define PACKAGE_NAME "quit"
| #define PACKAGE_TARNAME "quit"
| #define PACKAGE_VERSION "2.2"
| #define PACKAGE_STRING "quit 2.2"
| #define PACKAGE_BUGREPORT "javierribal@gmail.com"
| #define PACKAGE_URL ""
| #define PACKAGE "quit"
| #define VERSION "2.2"
| /* end confdefs.h.  */
| #include <ac_nonexistent.h>
configure:4496: result: gcc -E
configure:4510: gcc -E  conftest.c
configure:4510: $? = 0
configure:4525: gcc -E  conftest.c
conftest.c:11:10: fatal error: ac_nonexistent.h: No such file or directory
   11 | #include <ac_nonexistent.h>
      |          ^~~~~~~~~~~~~~~~~~
compilation terminated.
configure:4525: $? = 1
configure: failed program was:
| /* confdefs.h */
| #define PACKAGE_NAME "quit"
| #define PACKAGE_TARNAME "quit"
| #define PACKAGE_VERSION "2.2"
| #define PACKAGE_STRING "quit 2.2"
| #define PACKAGE_BUGREPORT "javierribal@gmail.com"
| #define PACKAGE_URL ""
| #define PACKAGE "quit"
| #define VERSION "2.2"
| /* end confdefs.h.  */
| #include <ac_nonexistent.h>
configure:4624: checking for g++
configure:4645: found /usr/bin/g++
configure:4656: result: g++
configure:4683: checking for C++ compiler version
configure:4692: g++ --version >&5
g++ (GCC) 11.1.0
Copyright (C) 2021 Free Software Foundation, Inc.
This is free software; see the source for copying conditions.  There is NO
warranty; not even for MERCHANTABILITY or FITNESS FOR A PARTICULAR PURPOSE.

configure:4703: $? = 0
configure:4692: g++ -v >&5
Using built-in specs.
COLLECT_GCC=g++
COLLECT_LTO_WRAPPER=/usr/lib/gcc/x86_64-pc-linux-gnu/11.1.0/lto-wrapper
Target: x86_64-pc-linux-gnu
Configured with: /build/gcc/src/gcc/configure --prefix=/usr --libdir=/usr/lib --libexecdir=/usr/lib --mandir=/usr/share/man --infodir=/usr/share/info --with-bugurl=https://bugs.archlinux.org/ --enable-languages=c,c++,ada,fortran,go,lto,objc,obj-c++,d --with-isl --with-linker-hash-style=gnu --with-system-zlib --enable-__cxa_atexit --enable-cet=auto --enable-checking=release --enable-clocale=gnu --enable-default-pie --enable-default-ssp --enable-gnu-indirect-function --enable-gnu-unique-object --enable-install-libiberty --enable-linker-build-id --enable-lto --enable-multilib --enable-plugin --enable-shared --enable-threads=posix --disable-libssp --disable-libstdcxx-pch --disable-libunwind-exceptions --disable-werror gdc_include_dir=/usr/include/dlang/gdc
Thread model: posix
Supported LTO compression algorithms: zlib zstd
gcc version 11.1.0 (GCC) 
configure:4703: $? = 0
configure:4692: g++ -V >&5
g++: error: unrecognized command-line option '-V'
g++: fatal error: no input files
compilation terminated.
configure:4703: $? = 1
configure:4692: g++ -qversion >&5
g++: error: unrecognized command-line option '-qversion'; did you mean '--version'?
g++: fatal error: no input files
compilation terminated.
configure:4703: $? = 1
configure:4707: checking whether the compiler supports GNU C++
configure:4727: g++ -c   conftest.cpp >&5
configure:4727: $? = 0
configure:4737: result: yes
configure:4748: checking whether g++ accepts -g
configure:4769: g++ -c -g  conftest.cpp >&5
configure:4769: $? = 0
configure:4813: result: yes
configure:4833: checking for g++ option to enable C++11 features
configure:4848: g++  -c -g -O2  conftest.cpp >&5
conftest.cpp: In function 'int main(int, char**)':
conftest.cpp:177:25: warning: empty parentheses were disambiguated as a function declaration [-Wvexing-parse]
  177 |   cxx11test::delegate d2();
      |                         ^~
conftest.cpp:177:25: note: remove parentheses to default-initialize a variable
  177 |   cxx11test::delegate d2();
      |                         ^~
      |                         --
conftest.cpp:177:25: note: or replace parentheses with braces to value-initialize a variable
configure:4848: $? = 0
configure:4866: result: none needed
configure:4932: checking dependency style of g++
configure:5044: result: gcc3
configure:5198: checking that generated files are newer than configure
configure:5204: result: done
configure:5231: creating ./config.status

## ---------------------- ##
## Running config.status. ##
## ---------------------- ##

This file was extended by quit config.status 2.2, which was
generated by GNU Autoconf 2.71.  Invocation command line was

  CONFIG_FILES    = 
  CONFIG_HEADERS  = 
  CONFIG_LINKS    = 
  CONFIG_COMMANDS = 
  $ ./config.status 

on Mosseguello

config.status:776: creating Makefile
config.status:948: executing depfiles commands
config.status:1025: cd .       && sed -e '/# am--include-marker/d' Makefile         | make -f - am--depfiles
make: Nothing to be done for 'am--depfiles'.
config.status:1030: $? = 0

## ---------------- ##
## Cache variables. ##
## ---------------- ##

ac_cv_c_compiler_gnu=yes
ac_cv_cxx_compiler_gnu=yes
ac_cv_env_CCC_set=
ac_cv_env_CCC_value=
ac_cv_env_CC_set=
ac_cv_env_CC_value=
ac_cv_env_CFLAGS_set=
ac_cv_env_CFLAGS_value=
ac_cv_env_CPPFLAGS_set=
ac_cv_env_CPPFLAGS_value=
ac_cv_env_CPP_set=
ac_cv_env_CPP_value=
ac_cv_env_CXXFLAGS_set=
ac_cv_env_CXXFLAGS_value=
ac_cv_env_CXX_set=
ac_cv_env_CXX_value=
ac_cv_env_LDFLAGS_set=
ac_cv_env_LDFLAGS_value=
ac_cv_env_LIBS_set=
ac_cv_env_LIBS_value=
ac_cv_env_build_alias_set=
ac_cv_env_build_alias_value=
ac_cv_env_host_alias_set=
ac_cv_env_host_alias_value=
ac_cv_env_target_alias_set=
ac_cv_env_target_alias_value=
ac_cv_objext=o
ac_cv_path_install='/usr/bin/install -c'
ac_cv_path_mkdir=/usr/bin/mkdir
ac_cv_prog_AWK=gawk
ac_cv_prog_CPP='gcc -E'
ac_cv_prog_ac_ct_CC=gcc
ac_cv_prog_ac_ct_CXX=g++
ac_cv_prog_cc_c11=
ac_cv_prog_cc_g=yes
ac_cv_prog_cc_stdc=
ac_cv_prog_cxx_11=no
ac_cv_prog_cxx_cxx11=
ac_cv_prog_cxx_g=yes
ac_cv_prog_cxx_stdcxx=
ac_cv_prog_make_make_set=yes
am_cv_CC_dependencies_compiler_type=gcc3
am_cv_CXX_dependencies_compiler_type=gcc3
am_cv_make_support_nested_variables=yes
am_cv_prog_cc_c_o=yes

## ----------------- ##
## Output variables. ##
## ----------------- ##

ACLOCAL='${SHELL} '\''/home/javi/Desktop/Programacion/C++/Quit/missing'\'' aclocal-1.16'
AMDEPBACKSLASH='\'
AMDEP_FALSE='#'
AMDEP_TRUE=''
AMTAR='$${TAR-tar}'
AM_BACKSLASH='\'
AM_DEFAULT_V='$(AM_DEFAULT_VERBOSITY)'
AM_DEFAULT_VERBOSITY='1'
AM_V='$(V)'
AUTOCONF='${SHELL} '\''/home/javi/Desktop/Programacion/C++/Quit/missing'\'' autoconf'
AUTOHEADER='${SHELL} '\''/home/javi/Desktop/Programacion/C++/Quit/missing'\'' autoheader'
AUTOMAKE='${SHELL} '\''/home/javi/Desktop/Programacion/C++/Quit/missing'\'' automake-1.16'
AWK='gawk'
CC='gcc'
CCDEPMODE='depmode=gcc3'
CFLAGS='-g -O2'
CPP='gcc -E'
CPPFLAGS=''
CSCOPE='cscope'
CTAGS='ctags'
CXX='g++'
CXXDEPMODE='depmode=gcc3'
CXXFLAGS='-g -O2'
CYGPATH_W='echo'
DEFS='-DPACKAGE_NAME=\"quit\" -DPACKAGE_TARNAME=\"quit\" -DPACKAGE_VERSION=\"2.2\" -DPACKAGE_STRING=\"quit\ 2.2\" -DPACKAGE_BUGREPORT=\"javierribal@gmail.com\" -DPACKAGE_URL=\"\" -DPACKAGE=\"quit\" -DVERSION=\"2.2\"'
DEPDIR='.deps'
ECHO_C=''
ECHO_N='-n'
ECHO_T=''
ETAGS='etags'
EXEEXT=''
INSTALL_DATA='${INSTALL} -m 644'
INSTALL_PROGRAM='${INSTALL}'
INSTALL_SCRIPT='${INSTALL}'
INSTALL_STRIP_PROGRAM='$(install_sh) -c -s'
LDFLAGS=''
LIBOBJS=''
LIBS=''
LTLIBOBJS=''
MAKEINFO='${SHELL} '\''/home/javi/Desktop/Programacion/C++/Quit/missing'\'' makeinfo'
MKDIR_P='/usr/bin/mkdir -p'
OBJEXT='o'
PACKAGE='quit'
PACKAGE_BUGREPORT='javierribal@gmail.com'
PACKAGE_NAME='quit'
PACKAGE_STRING='quit 2.2'
PACKAGE_TARNAME='quit'
PACKAGE_URL=''
PACKAGE_VERSION='2.2'
PATH_SEPARATOR=':'
SET_MAKE=''
SHELL='/bin/sh'
STRIP=''
VERSION='2.2'
ac_ct_CC='gcc'
ac_ct_CXX='g++'
am__EXEEXT_FALSE=''
am__EXEEXT_TRUE='#'
am__fastdepCC_FALSE='#'
am__fastdepCC_TRUE=''
am__fastdepCXX_FALSE='#'
am__fastdepCXX_TRUE=''
am__include='include'
am__isrc=''
am__leading_dot='.'
am__nodep='_no'
am__quote=''
am__tar='$${TAR-tar} chof - "$$tardir"'
am__untar='$${TAR-tar} xf -'
bindir='${exec_prefix}/bin'
build_alias=''
datadir='${datarootdir}'
datarootdir='${prefix}/share'
docdir='${datarootdir}/doc/${PACKAGE_TARNAME}'
dvidir='${docdir}'
exec_prefix='${prefix}'
host_alias=''
htmldir='${docdir}'
includedir='${prefix}/include'
infodir='${datarootdir}/info'
install_sh='${SHELL} /home/javi/Desktop/Programacion/C++/Quit/install-sh'
libdir='${exec_prefix}/lib'
libexecdir='${exec_prefix}/libexec'
localedir='${datarootdir}/locale'
localstatedir='${prefix}/var'
mandir='${datarootdir}/man'
mkdir_p='$(MKDIR_P)'
oldincludedir='/usr/include'
pdfdir='${docdir}'
prefix='/usr/local'
program_transform_name='s,x,x,'
psdir='${docdir}'
runstatedir='${localstatedir}/run'
sbindir='${exec_prefix}/sbin'
sharedstatedir='${prefix}/com'
sysconfdir='${prefix}/etc'
target_alias=''

## ----------- ##
## confdefs.h. ##
## ----------- ##

/* confdefs.h */
#define PACKAGE_NAME "quit"
#define PACKAGE_TARNAME "quit"
#define PACKAGE_VERSION "2.2"
#define PACKAGE_STRING "quit 2.2"
#define PACKAGE_BUGREPORT "javierribal@gmail.com"
#define PACKAGE_URL ""
#define PACKAGE "quit"
#define VERSION "2.2"

configure: exit 0
